# JRE version: OpenJDK Runtime Environment (21.0.3) (build 21.0.3+-12282718-b509.11)
# Java VM: OpenJDK 64-Bit Server VM (21.0.3+-12282718-b509.11, mixed mode, tiered, compressed oops, compressed class ptrs, g1 gc, windows-amd64)
GC Precious Log:
 CardTable entry size: 512
 Card Set container configuration: InlinePtr #cards 5 size 8 Array Of Cards #cards 12 size 40 Howl #buckets 4 coarsen threshold 1843 Howl Bitmap #cards 512 size 80 coarsen threshold 460 Card regions per heap region 1 cards per card region 2048
 CPUs: 4 total, 4 available
 Memory: 3790M
 Large Page Support: Disabled
 NUMA Support: Disabled
 Compressed Oops: Enabled (32-bit)
 Heap Region Size: 1M
 Heap Min Capacity: 8M
 Heap Initial Capacity: 60M
 Heap Max Capacity: 2G
 Pre-touch: Disabled
 Parallel Workers: 4
 Concurrent Workers: 1
 Concurrent Refinement Workers: 4
 Periodic GC: Disabled
Heap:
 garbage-first heap   total 194560K, used 169356K [0x0000000080000000, 0x0000000100000000)
  region size 1024K, 44 young (45056K), 8 survivors (8192K)
 Metaspace       used 104769K, committed 106880K, reserved 1179648K
  class space    used 14126K, committed 15168K, reserved 1048576K
GC Heap History (20 events):
Event: 26.579 GC heap before
{Heap before GC invocations=34 (full 0):
 garbage-first heap   total 145408K, used 131564K [0x0000000080000000, 0x0000000100000000)
  region size 1024K, 49 young (50176K), 5 survivors (5120K)
 Metaspace       used 72718K, committed 74560K, reserved 1114112K
  class space    used 9946K, committed 10880K, reserved 1048576K
}
Event: 26.584 GC heap after
{Heap after GC invocations=35 (full 0):
 garbage-first heap   total 145408K, used 87522K [0x0000000080000000, 0x0000000100000000)
  region size 1024K, 5 young (5120K), 5 survivors (5120K)
 Metaspace       used 72718K, committed 74560K, reserved 1114112K
  class space    used 9946K, committed 10880K, reserved 1048576K
}
Event: 28.232 GC heap before
{Heap before GC invocations=36 (full 0):
 garbage-first heap   total 153600K, used 137698K [0x0000000080000000, 0x0000000100000000)
  region size 1024K, 48 young (49152K), 5 survivors (5120K)
 Metaspace       used 75548K, committed 77440K, reserved 1179648K
  class space    used 10312K, committed 11264K, reserved 1048576K
}
Event: 28.238 GC heap after
{Heap after GC invocations=37 (full 0):
 garbage-first heap   total 153600K, used 97623K [0x0000000080000000, 0x0000000100000000)
  region size 1024K, 6 young (6144K), 6 survivors (6144K)
 Metaspace       used 75548K, committed 77440K, reserved 1179648K
  class space    used 10312K, committed 11264K, reserved 1048576K
}
Event: 28.851 GC heap before
{Heap before GC invocations=37 (full 0):
 garbage-first heap   total 153600K, used 137559K [0x0000000080000000, 0x0000000100000000)
  region size 1024K, 46 young (47104K), 6 survivors (6144K)
 Metaspace       used 80223K, committed 82048K, reserved 1179648K
  class space    used 10744K, committed 11648K, reserved 1048576K
}
Event: 28.855 GC heap after
{Heap after GC invocations=38 (full 0):
 garbage-first heap   total 153600K, used 97507K [0x0000000080000000, 0x0000000100000000)
  region size 1024K, 2 young (2048K), 2 survivors (2048K)
 Metaspace       used 80223K, committed 82048K, reserved 1179648K
  class space    used 10744K, committed 11648K, reserved 1048576K
}
Event: 29.736 GC heap before
{Heap before GC invocations=38 (full 0):
 garbage-first heap   total 153600K, used 128227K [0x0000000080000000, 0x0000000100000000)
  region size 1024K, 33 young (33792K), 2 survivors (2048K)
 Metaspace       used 84072K, committed 86016K, reserved 1179648K
  class space    used 11310K, committed 12288K, reserved 1048576K
}
Event: 29.742 GC heap after
{Heap after GC invocations=39 (full 0):
 garbage-first heap   total 184320K, used 99878K [0x0000000080000000, 0x0000000100000000)
  region size 1024K, 4 young (4096K), 4 survivors (4096K)
 Metaspace       used 84072K, committed 86016K, reserved 1179648K
  class space    used 11310K, committed 12288K, reserved 1048576K
}
Event: 29.784 GC heap before
{Heap before GC invocations=39 (full 0):
 garbage-first heap   total 184320K, used 104998K [0x0000000080000000, 0x0000000100000000)
  region size 1024K, 9 young (9216K), 4 survivors (4096K)
 Metaspace       used 84072K, committed 86016K, reserved 1179648K
  class space    used 11310K, committed 12288K, reserved 1048576K
}
Event: 29.789 GC heap after
{Heap after GC invocations=40 (full 0):
 garbage-first heap   total 184320K, used 102996K [0x0000000080000000, 0x0000000100000000)
  region size 1024K, 6 young (6144K), 6 survivors (6144K)
 Metaspace       used 84072K, committed 86016K, reserved 1179648K
  class space    used 11310K, committed 12288K, reserved 1048576K
}
Event: 30.772 GC heap before
{Heap before GC invocations=41 (full 0):
 garbage-first heap   total 189440K, used 152148K [0x0000000080000000, 0x0000000100000000)
  region size 1024K, 50 young (51200K), 6 survivors (6144K)
 Metaspace       used 86863K, committed 88832K, reserved 1179648K
  class space    used 11695K, committed 12672K, reserved 1048576K
}
Event: 30.779 GC heap after
{Heap after GC invocations=42 (full 0):
 garbage-first heap   total 189440K, used 104936K [0x0000000080000000, 0x0000000100000000)
  region size 1024K, 5 young (5120K), 5 survivors (5120K)
 Metaspace       used 86863K, committed 88832K, reserved 1179648K
  class space    used 11695K, committed 12672K, reserved 1048576K
}
Event: 31.556 GC heap before
{Heap before GC invocations=42 (full 0):
 garbage-first heap   total 189440K, used 155112K [0x0000000080000000, 0x0000000100000000)
  region size 1024K, 55 young (56320K), 5 survivors (5120K)
 Metaspace       used 89568K, committed 91520K, reserved 1179648K
  class space    used 12031K, committed 12992K, reserved 1048576K
}
Event: 31.571 GC heap after
{Heap after GC invocations=43 (full 0):
 garbage-first heap   total 189440K, used 108392K [0x0000000080000000, 0x0000000100000000)
  region size 1024K, 7 young (7168K), 7 survivors (7168K)
 Metaspace       used 89568K, committed 91520K, reserved 1179648K
  class space    used 12031K, committed 12992K, reserved 1048576K
}
Event: 32.403 GC heap before
{Heap before GC invocations=43 (full 0):
 garbage-first heap   total 189440K, used 162664K [0x0000000080000000, 0x0000000100000000)
  region size 1024K, 59 young (60416K), 7 survivors (7168K)
 Metaspace       used 93679K, committed 95744K, reserved 1179648K
  class space    used 12600K, committed 13632K, reserved 1048576K
}
Event: 32.411 GC heap after
{Heap after GC invocations=44 (full 0):
 garbage-first heap   total 189440K, used 108831K [0x0000000080000000, 0x0000000100000000)
  region size 1024K, 3 young (3072K), 3 survivors (3072K)
 Metaspace       used 93679K, committed 95744K, reserved 1179648K
  class space    used 12600K, committed 13632K, reserved 1048576K
}
Event: 33.326 GC heap before
{Heap before GC invocations=44 (full 0):
 garbage-first heap   total 189440K, used 166175K [0x0000000080000000, 0x0000000100000000)
  region size 1024K, 59 young (60416K), 3 survivors (3072K)
 Metaspace       used 98192K, committed 100288K, reserved 1179648K
  class space    used 13366K, committed 14400K, reserved 1048576K
}
Event: 33.331 GC heap after
{Heap after GC invocations=45 (full 0):
 garbage-first heap   total 189440K, used 110675K [0x0000000080000000, 0x0000000100000000)
  region size 1024K, 5 young (5120K), 5 survivors (5120K)
 Metaspace       used 98192K, committed 100288K, reserved 1179648K
  class space    used 13366K, committed 14400K, reserved 1048576K
}
Event: 33.969 GC heap before
{Heap before GC invocations=45 (full 0):
 garbage-first heap   total 189440K, used 132179K [0x0000000080000000, 0x0000000100000000)
  region size 1024K, 28 young (28672K), 5 survivors (5120K)
 Metaspace       used 99801K, committed 101952K, reserved 1179648K
  class space    used 13518K, committed 14592K, reserved 1048576K
}
Event: 33.991 GC heap after
{Heap after GC invocations=46 (full 0):
 garbage-first heap   total 189440K, used 115084K [0x0000000080000000, 0x0000000100000000)
  region size 1024K, 8 young (8192K), 8 survivors (8192K)
 Metaspace       used 99801K, committed 101952K, reserved 1179648K
  class space    used 13518K, committed 14592K, reserved 1048576K
}

